SQL> set timing on
SQL> SELECT TB.primarytitle||','||NB.primaryname||','||TB.startyear
  2  FROM imdb00.name_basics NB, imdb00.title_principals TP, imdb00.title_basics TB
  3  WHERE NB.nconst = TP.nconst AND
  4        TP.tconst = TB.tconst AND
  5        Lower(NB.primaryname) in ('helen mirren', 'alec baldwin') AND
  6        LOWER(TB.titleType) = 'movie' AND
  7        LOWER(TP.category) IN ('actor', 'actress') AND TB.startyear NOT LIKE '\N'
  8  GROUP BY TB.primarytitle, NB.primaryname, TB.startyear
  9  ORDER BY NB.primaryname ASC;

TB.PRIMARYTITLE||','||NB.PRIMARYNAME||','||TB.STARTYEAR                                                                                                                                                                                                                                                                                                                                                                                                                                                                                                                                                                                                                                                                                                                                                                                                                                                                                                                                                                                                                                                                                                                                                                                                                                                                                                                        
-------------------------------------------------------------------------------------------------------------------------------------------------------------------------------------------------------------------------------------------------------------------------------------------------------------------------------------------------------------------------------------------------------------------------------------------------------------------------------------------------------------------------------------------------------------------------------------------------------------------------------------------------------------------------------------------------------------------------------------------------------------------------------------------------------------------------------------------------------------------------------------------------------------------------------------------------------------------------------------------------------------------------------------------------------------------------------------------------------------------------------------------------------------------------------------------------------------------------------------------------------------------------------------------------------------------------------------------------------------------------------
Aloha,Alec Baldwin,2015
An Imperfect Murder,Alec Baldwin,2017
Back in the Day,Alec Baldwin,2016
Beetlejuice,Alec Baldwin,1988
Blind,Alec Baldwin,2016
Blue Jasmine,Alec Baldwin,2013
Cats & Dogs,Alec Baldwin,2001
Concussion,Alec Baldwin,2015
Drunk Parents,Alec Baldwin,2019
Earth and the American Dream,Alec Baldwin,1992
Elizabethtown,Alec Baldwin,2005

TB.PRIMARYTITLE||','||NB.PRIMARYNAME||','||TB.STARTYEAR                                                                                                                                                                                                                                                                                                                                                                                                                                                                                                                                                                                                                                                                                                                                                                                                                                                                                                                                                                                                                                                                                                                                                                                                                                                                                                                        
-------------------------------------------------------------------------------------------------------------------------------------------------------------------------------------------------------------------------------------------------------------------------------------------------------------------------------------------------------------------------------------------------------------------------------------------------------------------------------------------------------------------------------------------------------------------------------------------------------------------------------------------------------------------------------------------------------------------------------------------------------------------------------------------------------------------------------------------------------------------------------------------------------------------------------------------------------------------------------------------------------------------------------------------------------------------------------------------------------------------------------------------------------------------------------------------------------------------------------------------------------------------------------------------------------------------------------------------------------------------------------
Eurotrapped,Alec Baldwin,2013
False Awakening,Alec Baldwin,2022
Final Fantasy: The Spirits Within,Alec Baldwin,2001
Flatball,Alec Baldwin,2016
Forever, Lulu,Alec Baldwin,1986
Framing John DeLorean,Alec Baldwin,2019
Fun with Dick and Jane,Alec Baldwin,2005
Ghosts of Mississippi,Alec Baldwin,1996
Glengarry Glen Ross,Alec Baldwin,1992
Heaven's Prisoners,Alec Baldwin,1996
I'm King Kong!: The Exploits of Merian C. Cooper,Alec Baldwin,2005

TB.PRIMARYTITLE||','||NB.PRIMARYNAME||','||TB.STARTYEAR                                                                                                                                                                                                                                                                                                                                                                                                                                                                                                                                                                                                                                                                                                                                                                                                                                                                                                                                                                                                                                                                                                                                                                                                                                                                                                                        
-------------------------------------------------------------------------------------------------------------------------------------------------------------------------------------------------------------------------------------------------------------------------------------------------------------------------------------------------------------------------------------------------------------------------------------------------------------------------------------------------------------------------------------------------------------------------------------------------------------------------------------------------------------------------------------------------------------------------------------------------------------------------------------------------------------------------------------------------------------------------------------------------------------------------------------------------------------------------------------------------------------------------------------------------------------------------------------------------------------------------------------------------------------------------------------------------------------------------------------------------------------------------------------------------------------------------------------------------------------------------------
It's Complicated,Alec Baldwin,2009
Lymelife,Alec Baldwin,2008
Malice,Alec Baldwin,1993
Married to the Mob,Alec Baldwin,1988
Material of the Future,Alec Baldwin,2014
Mercury Rising,Alec Baldwin,1998
Miami Blues,Alec Baldwin,1990
Mini's First Time,Alec Baldwin,2006
Motherless Brooklyn,Alec Baldwin,2019
My Best Friend's Girl,Alec Baldwin,2008
My Sister's Keeper,Alec Baldwin,2009

TB.PRIMARYTITLE||','||NB.PRIMARYNAME||','||TB.STARTYEAR                                                                                                                                                                                                                                                                                                                                                                                                                                                                                                                                                                                                                                                                                                                                                                                                                                                                                                                                                                                                                                                                                                                                                                                                                                                                                                                        
-------------------------------------------------------------------------------------------------------------------------------------------------------------------------------------------------------------------------------------------------------------------------------------------------------------------------------------------------------------------------------------------------------------------------------------------------------------------------------------------------------------------------------------------------------------------------------------------------------------------------------------------------------------------------------------------------------------------------------------------------------------------------------------------------------------------------------------------------------------------------------------------------------------------------------------------------------------------------------------------------------------------------------------------------------------------------------------------------------------------------------------------------------------------------------------------------------------------------------------------------------------------------------------------------------------------------------------------------------------------------------
Outside Providence,Alec Baldwin,1999
Paris Can Wait,Alec Baldwin,2016
Plastiki and the Material of the Future,Alec Baldwin,2011
Prelude to a Kiss,Alec Baldwin,1992
Rise of the Guardians,Alec Baldwin,2012
Rock of Ages,Alec Baldwin,2012
She's Having a Baby,Alec Baldwin,1988
Still Alice,Alec Baldwin,2014
Suburban Girl,Alec Baldwin,2007
The Boss Baby,Alec Baldwin,2017
The Boss Baby 2: Family Business,Alec Baldwin,2021

TB.PRIMARYTITLE||','||NB.PRIMARYNAME||','||TB.STARTYEAR                                                                                                                                                                                                                                                                                                                                                                                                                                                                                                                                                                                                                                                                                                                                                                                                                                                                                                                                                                                                                                                                                                                                                                                                                                                                                                                        
-------------------------------------------------------------------------------------------------------------------------------------------------------------------------------------------------------------------------------------------------------------------------------------------------------------------------------------------------------------------------------------------------------------------------------------------------------------------------------------------------------------------------------------------------------------------------------------------------------------------------------------------------------------------------------------------------------------------------------------------------------------------------------------------------------------------------------------------------------------------------------------------------------------------------------------------------------------------------------------------------------------------------------------------------------------------------------------------------------------------------------------------------------------------------------------------------------------------------------------------------------------------------------------------------------------------------------------------------------------------------------
The Cat in the Hat,Alec Baldwin,2003
The Confession,Alec Baldwin,1999
The Cooler,Alec Baldwin,2003
The Democratic Promise,Alec Baldwin,1999
The Edge,Alec Baldwin,1997
The Getaway,Alec Baldwin,1994
The Good Shepherd,Alec Baldwin,2006
The Hunt for Red October,Alec Baldwin,1990
The Juror,Alec Baldwin,1996
The Last Play at Shea,Alec Baldwin,2010
The Last Shot,Alec Baldwin,2004

TB.PRIMARYTITLE||','||NB.PRIMARYNAME||','||TB.STARTYEAR                                                                                                                                                                                                                                                                                                                                                                                                                                                                                                                                                                                                                                                                                                                                                                                                                                                                                                                                                                                                                                                                                                                                                                                                                                                                                                                        
-------------------------------------------------------------------------------------------------------------------------------------------------------------------------------------------------------------------------------------------------------------------------------------------------------------------------------------------------------------------------------------------------------------------------------------------------------------------------------------------------------------------------------------------------------------------------------------------------------------------------------------------------------------------------------------------------------------------------------------------------------------------------------------------------------------------------------------------------------------------------------------------------------------------------------------------------------------------------------------------------------------------------------------------------------------------------------------------------------------------------------------------------------------------------------------------------------------------------------------------------------------------------------------------------------------------------------------------------------------------------------
The Marrying Man,Alec Baldwin,1991
The Public,Alec Baldwin,2018
The Shadow,Alec Baldwin,1994
Thomas and Friends: Thomas's Snowy Surprise,Alec Baldwin,2003
Thomas and the Magic Railroad,Alec Baldwin,2000
Tong Tana - En resa till Borneos inre,Alec Baldwin,1989
Torrente 5,Alec Baldwin,2014
Working Girl,Alec Baldwin,1988
2010: The Year We Make Contact,Helen Mirren,1984
Age of Consent,Helen Mirren,1969
Anna,Helen Mirren,2019

TB.PRIMARYTITLE||','||NB.PRIMARYNAME||','||TB.STARTYEAR                                                                                                                                                                                                                                                                                                                                                                                                                                                                                                                                                                                                                                                                                                                                                                                                                                                                                                                                                                                                                                                                                                                                                                                                                                                                                                                        
-------------------------------------------------------------------------------------------------------------------------------------------------------------------------------------------------------------------------------------------------------------------------------------------------------------------------------------------------------------------------------------------------------------------------------------------------------------------------------------------------------------------------------------------------------------------------------------------------------------------------------------------------------------------------------------------------------------------------------------------------------------------------------------------------------------------------------------------------------------------------------------------------------------------------------------------------------------------------------------------------------------------------------------------------------------------------------------------------------------------------------------------------------------------------------------------------------------------------------------------------------------------------------------------------------------------------------------------------------------------------------
Arthur,Helen Mirren,2011
Berlin, I Love You,Helen Mirren,2019
Bethune: The Making of a Hero,Helen Mirren,1990
Brighton Rock,Helen Mirren,2010
Cal,Helen Mirren,1984
Calendar Girls,Helen Mirren,2003
Caligula,Helen Mirren,1979
Critical Care,Helen Mirren,1997
Escape from Extinction,Helen Mirren,2020
Excalibur,Helen Mirren,1981
Eye in the Sky,Helen Mirren,2015

TB.PRIMARYTITLE||','||NB.PRIMARYNAME||','||TB.STARTYEAR                                                                                                                                                                                                                                                                                                                                                                                                                                                                                                                                                                                                                                                                                                                                                                                                                                                                                                                                                                                                                                                                                                                                                                                                                                                                                                                        
-------------------------------------------------------------------------------------------------------------------------------------------------------------------------------------------------------------------------------------------------------------------------------------------------------------------------------------------------------------------------------------------------------------------------------------------------------------------------------------------------------------------------------------------------------------------------------------------------------------------------------------------------------------------------------------------------------------------------------------------------------------------------------------------------------------------------------------------------------------------------------------------------------------------------------------------------------------------------------------------------------------------------------------------------------------------------------------------------------------------------------------------------------------------------------------------------------------------------------------------------------------------------------------------------------------------------------------------------------------------------------
Golda,Helen Mirren,2022
Greenfingers,Helen Mirren,2000
Hamlet,Helen Mirren,1976
Hitchcock,Helen Mirren,2012
Hussy,Helen Mirren,1980
Invocation: Maya Deren,Helen Mirren,1987
Kiran Bedi: Yes Madam, Sir,Helen Mirren,2008
Love Ranch,Helen Mirren,2010
Monsters University,Helen Mirren,2013
Phèdre,Helen Mirren,2009
RED,Helen Mirren,2010

TB.PRIMARYTITLE||','||NB.PRIMARYNAME||','||TB.STARTYEAR                                                                                                                                                                                                                                                                                                                                                                                                                                                                                                                                                                                                                                                                                                                                                                                                                                                                                                                                                                                                                                                                                                                                                                                                                                                                                                                        
-------------------------------------------------------------------------------------------------------------------------------------------------------------------------------------------------------------------------------------------------------------------------------------------------------------------------------------------------------------------------------------------------------------------------------------------------------------------------------------------------------------------------------------------------------------------------------------------------------------------------------------------------------------------------------------------------------------------------------------------------------------------------------------------------------------------------------------------------------------------------------------------------------------------------------------------------------------------------------------------------------------------------------------------------------------------------------------------------------------------------------------------------------------------------------------------------------------------------------------------------------------------------------------------------------------------------------------------------------------------------------
RED 2,Helen Mirren,2013
Royal Deceit,Helen Mirren,1994
Savage Messiah,Helen Mirren,1972
Shadowboxer,Helen Mirren,2005
Sniff,Helen Mirren,2022
Some Mother's Son,Helen Mirren,1996
State of Play,Helen Mirren,2009
Teaching Mrs. Tingle,Helen Mirren,1999
The Audience,Helen Mirren,2013
The Clearing,Helen Mirren,2004
The Comfort of Strangers,Helen Mirren,1990

TB.PRIMARYTITLE||','||NB.PRIMARYNAME||','||TB.STARTYEAR                                                                                                                                                                                                                                                                                                                                                                                                                                                                                                                                                                                                                                                                                                                                                                                                                                                                                                                                                                                                                                                                                                                                                                                                                                                                                                                        
-------------------------------------------------------------------------------------------------------------------------------------------------------------------------------------------------------------------------------------------------------------------------------------------------------------------------------------------------------------------------------------------------------------------------------------------------------------------------------------------------------------------------------------------------------------------------------------------------------------------------------------------------------------------------------------------------------------------------------------------------------------------------------------------------------------------------------------------------------------------------------------------------------------------------------------------------------------------------------------------------------------------------------------------------------------------------------------------------------------------------------------------------------------------------------------------------------------------------------------------------------------------------------------------------------------------------------------------------------------------------------
The Cook, the Thief, His Wife & Her Lover,Helen Mirren,1989
The Debt,Helen Mirren,2010
The Door,Helen Mirren,2012
The Fiendish Plot of Dr. Fu Manchu,Helen Mirren,1980
The Good Liar,Helen Mirren,2019
The Gospel According to Vic,Helen Mirren,1986
The Hundred-Foot Journey,Helen Mirren,2014
The Jazz Baroness,Helen Mirren,2009
The Last Station,Helen Mirren,2009
The Leisure Seeker,Helen Mirren,2017
The Long Good Friday,Helen Mirren,1980

TB.PRIMARYTITLE||','||NB.PRIMARYNAME||','||TB.STARTYEAR                                                                                                                                                                                                                                                                                                                                                                                                                                                                                                                                                                                                                                                                                                                                                                                                                                                                                                                                                                                                                                                                                                                                                                                                                                                                                                                        
-------------------------------------------------------------------------------------------------------------------------------------------------------------------------------------------------------------------------------------------------------------------------------------------------------------------------------------------------------------------------------------------------------------------------------------------------------------------------------------------------------------------------------------------------------------------------------------------------------------------------------------------------------------------------------------------------------------------------------------------------------------------------------------------------------------------------------------------------------------------------------------------------------------------------------------------------------------------------------------------------------------------------------------------------------------------------------------------------------------------------------------------------------------------------------------------------------------------------------------------------------------------------------------------------------------------------------------------------------------------------------
The Madness of King George,Helen Mirren,1994
The Mosquito Coast,Helen Mirren,1986
The Nutcracker and the Four Realms,Helen Mirren,2018
The Queen,Helen Mirren,2006
The Snow Queen,Helen Mirren,1995
The Tempest,Helen Mirren,2010
Trumbo,Helen Mirren,2015
When the Whales Came,Helen Mirren,1989
Where Angels Fear to Tread,Helen Mirren,1991
White Bird: A Wonder Story,Helen Mirren,2022
White Nights,Helen Mirren,1985

TB.PRIMARYTITLE||','||NB.PRIMARYNAME||','||TB.STARTYEAR                                                                                                                                                                                                                                                                                                                                                                                                                                                                                                                                                                                                                                                                                                                                                                                                                                                                                                                                                                                                                                                                                                                                                                                                                                                                                                                        
-------------------------------------------------------------------------------------------------------------------------------------------------------------------------------------------------------------------------------------------------------------------------------------------------------------------------------------------------------------------------------------------------------------------------------------------------------------------------------------------------------------------------------------------------------------------------------------------------------------------------------------------------------------------------------------------------------------------------------------------------------------------------------------------------------------------------------------------------------------------------------------------------------------------------------------------------------------------------------------------------------------------------------------------------------------------------------------------------------------------------------------------------------------------------------------------------------------------------------------------------------------------------------------------------------------------------------------------------------------------------------
Winchester,Helen Mirren,2018
Woman in Gold,Helen Mirren,2015

123 rows selected. 

Elapsed: 00:00:10.314
SQL> 
SQL> SELECT TB.primarytitle||','||NB.primaryname||','||TB.startyear
  2  FROM imdb00.name_basics NB, imdb00.title_principals TP, imdb00.title_basics TB
  3  WHERE NB.nconst = TP.nconst AND
  4        TP.tconst = TB.tconst AND
  5        Lower(NB.primaryname) in ('akshay kumar', 'deepika padukone') AND
  6        LOWER(TB.titleType) = 'movie' AND
  7        LOWER(TP.category) IN ('actor', 'actress') AND TB.startyear NOT LIKE '\N'
  8  GROUP BY TB.primarytitle, NB.primaryname, TB.startyear
  9  ORDER BY NB.primaryname ASC;

TB.PRIMARYTITLE||','||NB.PRIMARYNAME||','||TB.STARTYEAR                                                                                                                                                                                                                                                                                                                                                                                                                                                                                                                                                                                                                                                                                                                                                                                                                                                                                                                                                                                                                                                                                                                                                                                                                                                                                                                        
-------------------------------------------------------------------------------------------------------------------------------------------------------------------------------------------------------------------------------------------------------------------------------------------------------------------------------------------------------------------------------------------------------------------------------------------------------------------------------------------------------------------------------------------------------------------------------------------------------------------------------------------------------------------------------------------------------------------------------------------------------------------------------------------------------------------------------------------------------------------------------------------------------------------------------------------------------------------------------------------------------------------------------------------------------------------------------------------------------------------------------------------------------------------------------------------------------------------------------------------------------------------------------------------------------------------------------------------------------------------------------
2.0,Akshay Kumar,2018
8 x 10 Tasveer,Akshay Kumar,2009
Aan: Men at Work,Akshay Kumar,2004
Aankhen,Akshay Kumar,2002
Aarzoo,Akshay Kumar,1999
Ab Tumhare Hawale Watan Saathiyo,Akshay Kumar,2004
Action Replayy,Akshay Kumar,2010
Aflatoon,Akshay Kumar,1997
Airlift,Akshay Kumar,2016
Aitraaz,Akshay Kumar,2004
Ajnabee,Akshay Kumar,2001

TB.PRIMARYTITLE||','||NB.PRIMARYNAME||','||TB.STARTYEAR                                                                                                                                                                                                                                                                                                                                                                                                                                                                                                                                                                                                                                                                                                                                                                                                                                                                                                                                                                                                                                                                                                                                                                                                                                                                                                                        
-------------------------------------------------------------------------------------------------------------------------------------------------------------------------------------------------------------------------------------------------------------------------------------------------------------------------------------------------------------------------------------------------------------------------------------------------------------------------------------------------------------------------------------------------------------------------------------------------------------------------------------------------------------------------------------------------------------------------------------------------------------------------------------------------------------------------------------------------------------------------------------------------------------------------------------------------------------------------------------------------------------------------------------------------------------------------------------------------------------------------------------------------------------------------------------------------------------------------------------------------------------------------------------------------------------------------------------------------------------------------------
Amaanat,Akshay Kumar,1994
Andaaz,Akshay Kumar,2003
Angaaray,Akshay Kumar,1998
Ashaant,Akshay Kumar,1993
Atrangi Re,Akshay Kumar,2021
Awara Paagal Deewana,Akshay Kumar,2002
Baby,Akshay Kumar,2015
Bachchhan Paandey,Akshay Kumar,2022
Bade Miyan Chote Miyan,Akshay Kumar,2023
Barood,Akshay Kumar,1998
Bellbottom,Akshay Kumar,2021

TB.PRIMARYTITLE||','||NB.PRIMARYNAME||','||TB.STARTYEAR                                                                                                                                                                                                                                                                                                                                                                                                                                                                                                                                                                                                                                                                                                                                                                                                                                                                                                                                                                                                                                                                                                                                                                                                                                                                                                                        
-------------------------------------------------------------------------------------------------------------------------------------------------------------------------------------------------------------------------------------------------------------------------------------------------------------------------------------------------------------------------------------------------------------------------------------------------------------------------------------------------------------------------------------------------------------------------------------------------------------------------------------------------------------------------------------------------------------------------------------------------------------------------------------------------------------------------------------------------------------------------------------------------------------------------------------------------------------------------------------------------------------------------------------------------------------------------------------------------------------------------------------------------------------------------------------------------------------------------------------------------------------------------------------------------------------------------------------------------------------------------------
Bewafaa,Akshay Kumar,2005
Bhagam Bhag,Akshay Kumar,2006
Bhool Bhulaiyaa,Akshay Kumar,2007
Blue,Akshay Kumar,2009
Bond of Love,Akshay Kumar,2001
Boss,Akshay Kumar,2013
Brothers,Akshay Kumar,2015
CC2C,Akshay Kumar,2009
Chalo Dilli,Akshay Kumar,2011
Chundadi Ni Laaj,Akshay Kumar,2000
Cinematography Department,Akshay Kumar,2022

TB.PRIMARYTITLE||','||NB.PRIMARYNAME||','||TB.STARTYEAR                                                                                                                                                                                                                                                                                                                                                                                                                                                                                                                                                                                                                                                                                                                                                                                                                                                                                                                                                                                                                                                                                                                                                                                                                                                                                                                        
-------------------------------------------------------------------------------------------------------------------------------------------------------------------------------------------------------------------------------------------------------------------------------------------------------------------------------------------------------------------------------------------------------------------------------------------------------------------------------------------------------------------------------------------------------------------------------------------------------------------------------------------------------------------------------------------------------------------------------------------------------------------------------------------------------------------------------------------------------------------------------------------------------------------------------------------------------------------------------------------------------------------------------------------------------------------------------------------------------------------------------------------------------------------------------------------------------------------------------------------------------------------------------------------------------------------------------------------------------------------------------
Daava,Akshay Kumar,1997
Dancer,Akshay Kumar,1991
De Dana Dan,Akshay Kumar,2009
Deedar,Akshay Kumar,1992
Deewane Huye Paagal,Akshay Kumar,2005
Desi Boyz,Akshay Kumar,2011
Dhadkan,Akshay Kumar,2000
Dil Ki Baazi,Akshay Kumar,1993
Dil To Pagal Hai,Akshay Kumar,1997
Dosti: Friends Forever,Akshay Kumar,2005
Driving Licence,Akshay Kumar,2023

TB.PRIMARYTITLE||','||NB.PRIMARYNAME||','||TB.STARTYEAR                                                                                                                                                                                                                                                                                                                                                                                                                                                                                                                                                                                                                                                                                                                                                                                                                                                                                                                                                                                                                                                                                                                                                                                                                                                                                                                        
-------------------------------------------------------------------------------------------------------------------------------------------------------------------------------------------------------------------------------------------------------------------------------------------------------------------------------------------------------------------------------------------------------------------------------------------------------------------------------------------------------------------------------------------------------------------------------------------------------------------------------------------------------------------------------------------------------------------------------------------------------------------------------------------------------------------------------------------------------------------------------------------------------------------------------------------------------------------------------------------------------------------------------------------------------------------------------------------------------------------------------------------------------------------------------------------------------------------------------------------------------------------------------------------------------------------------------------------------------------------------------
Elaan,Akshay Kumar,1994
Family: Ties of Blood,Akshay Kumar,2006
GOLD,Akshay Kumar,2018
Gabbar Is Back,Akshay Kumar,2015
Garam Masala,Akshay Kumar,2005
Good Newwz,Akshay Kumar,2019
Haan Maine Bhi Pyaar Kiya,Akshay Kumar,2002
Hatya: The Murder,Akshay Kumar,2004
Hera Pheri,Akshay Kumar,2000
Heyy Babyy,Akshay Kumar,2007
Holiday: A Soldier is Never Off Duty,Akshay Kumar,2014

TB.PRIMARYTITLE||','||NB.PRIMARYNAME||','||TB.STARTYEAR                                                                                                                                                                                                                                                                                                                                                                                                                                                                                                                                                                                                                                                                                                                                                                                                                                                                                                                                                                                                                                                                                                                                                                                                                                                                                                                        
-------------------------------------------------------------------------------------------------------------------------------------------------------------------------------------------------------------------------------------------------------------------------------------------------------------------------------------------------------------------------------------------------------------------------------------------------------------------------------------------------------------------------------------------------------------------------------------------------------------------------------------------------------------------------------------------------------------------------------------------------------------------------------------------------------------------------------------------------------------------------------------------------------------------------------------------------------------------------------------------------------------------------------------------------------------------------------------------------------------------------------------------------------------------------------------------------------------------------------------------------------------------------------------------------------------------------------------------------------------------------------
Housefull,Akshay Kumar,2010
Housefull 2,Akshay Kumar,2012
Housefull 3,Akshay Kumar,2016
Housefull 4,Akshay Kumar,2019
Hum Hain Bemisaal,Akshay Kumar,1994
Humko Deewana Kar Gaye,Akshay Kumar,2006
Ikke Pe Ikka,Akshay Kumar,1994
Insaaf: The Final Justice,Akshay Kumar,1997
Insan,Akshay Kumar,2005
International Khiladi,Akshay Kumar,1999
It's Entertainment,Akshay Kumar,2014

TB.PRIMARYTITLE||','||NB.PRIMARYNAME||','||TB.STARTYEAR                                                                                                                                                                                                                                                                                                                                                                                                                                                                                                                                                                                                                                                                                                                                                                                                                                                                                                                                                                                                                                                                                                                                                                                                                                                                                                                        
-------------------------------------------------------------------------------------------------------------------------------------------------------------------------------------------------------------------------------------------------------------------------------------------------------------------------------------------------------------------------------------------------------------------------------------------------------------------------------------------------------------------------------------------------------------------------------------------------------------------------------------------------------------------------------------------------------------------------------------------------------------------------------------------------------------------------------------------------------------------------------------------------------------------------------------------------------------------------------------------------------------------------------------------------------------------------------------------------------------------------------------------------------------------------------------------------------------------------------------------------------------------------------------------------------------------------------------------------------------------------------
Jaan-E-Mann: Let's Fall in Love... Again,Akshay Kumar,2006
Jaani Dushman: Ek Anokhi Kahani,Akshay Kumar,2002
Jaanwar,Akshay Kumar,1999
Jai Kishen,Akshay Kumar,1994
Joker,Akshay Kumar,2012
Jolly LLB 2,Akshay Kumar,2017
Kayda Kanoon,Akshay Kumar,1993
Keemat: They Are Back,Akshay Kumar,1998
Kesari,Akshay Kumar,2019
Khakee,Akshay Kumar,2004
Khatta Meetha,Akshay Kumar,2010

TB.PRIMARYTITLE||','||NB.PRIMARYNAME||','||TB.STARTYEAR                                                                                                                                                                                                                                                                                                                                                                                                                                                                                                                                                                                                                                                                                                                                                                                                                                                                                                                                                                                                                                                                                                                                                                                                                                                                                                                        
-------------------------------------------------------------------------------------------------------------------------------------------------------------------------------------------------------------------------------------------------------------------------------------------------------------------------------------------------------------------------------------------------------------------------------------------------------------------------------------------------------------------------------------------------------------------------------------------------------------------------------------------------------------------------------------------------------------------------------------------------------------------------------------------------------------------------------------------------------------------------------------------------------------------------------------------------------------------------------------------------------------------------------------------------------------------------------------------------------------------------------------------------------------------------------------------------------------------------------------------------------------------------------------------------------------------------------------------------------------------------------
Khiladi,Akshay Kumar,1992
Khiladi 420,Akshay Kumar,2000
Khiladi 786,Akshay Kumar,2012
Khiladiyon Ka Khiladi,Akshay Kumar,1996
Lahoo Ke Do Rang,Akshay Kumar,1997
Laxmii,Akshay Kumar,2020
Maidan-E-Jung,Akshay Kumar,1995
Main Khiladi Tu Anari,Akshay Kumar,1994
Mere Jeevan Saathi,Akshay Kumar,2006
Meri Biwi Ka Jawab Nahin,Akshay Kumar,2004
Mission Mangal,Akshay Kumar,2019

TB.PRIMARYTITLE||','||NB.PRIMARYNAME||','||TB.STARTYEAR                                                                                                                                                                                                                                                                                                                                                                                                                                                                                                                                                                                                                                                                                                                                                                                                                                                                                                                                                                                                                                                                                                                                                                                                                                                                                                                        
-------------------------------------------------------------------------------------------------------------------------------------------------------------------------------------------------------------------------------------------------------------------------------------------------------------------------------------------------------------------------------------------------------------------------------------------------------------------------------------------------------------------------------------------------------------------------------------------------------------------------------------------------------------------------------------------------------------------------------------------------------------------------------------------------------------------------------------------------------------------------------------------------------------------------------------------------------------------------------------------------------------------------------------------------------------------------------------------------------------------------------------------------------------------------------------------------------------------------------------------------------------------------------------------------------------------------------------------------------------------------------
Mohra,Akshay Kumar,1994
Mr. & Mrs. Khiladi,Akshay Kumar,1997
Mr. Bond,Akshay Kumar,1992
Mujhse Shaadi Karogi,Akshay Kumar,2004
Naam Shabana,Akshay Kumar,2017
Namastey London,Akshay Kumar,2007
Namma Preethi Shashwatha,Akshay Kumar,2008
Nazar Ke Samne,Akshay Kumar,1995
OMG: Oh My God!,Akshay Kumar,2012
Once Upon a Time in Mumbaai Dobara,Akshay Kumar,2013
Paandav,Akshay Kumar,1995

TB.PRIMARYTITLE||','||NB.PRIMARYNAME||','||TB.STARTYEAR                                                                                                                                                                                                                                                                                                                                                                                                                                                                                                                                                                                                                                                                                                                                                                                                                                                                                                                                                                                                                                                                                                                                                                                                                                                                                                                        
-------------------------------------------------------------------------------------------------------------------------------------------------------------------------------------------------------------------------------------------------------------------------------------------------------------------------------------------------------------------------------------------------------------------------------------------------------------------------------------------------------------------------------------------------------------------------------------------------------------------------------------------------------------------------------------------------------------------------------------------------------------------------------------------------------------------------------------------------------------------------------------------------------------------------------------------------------------------------------------------------------------------------------------------------------------------------------------------------------------------------------------------------------------------------------------------------------------------------------------------------------------------------------------------------------------------------------------------------------------------------------
Pad Man,Akshay Kumar,2018
Patiala House,Akshay Kumar,2011
Phir Hera Pheri,Akshay Kumar,2006
Police Force: An Inside Story,Akshay Kumar,2004
Production 41,Akshay Kumar,2022
Raama Setu,Akshay Kumar,2022
Raksha Bandhan,Akshay Kumar,2022
Rowdy Rathore,Akshay Kumar,2012
Rustom,Akshay Kumar,2016
Sabse Bada Khiladi,Akshay Kumar,1995
Sainik,Akshay Kumar,1993

TB.PRIMARYTITLE||','||NB.PRIMARYNAME||','||TB.STARTYEAR                                                                                                                                                                                                                                                                                                                                                                                                                                                                                                                                                                                                                                                                                                                                                                                                                                                                                                                                                                                                                                                                                                                                                                                                                                                                                                                        
-------------------------------------------------------------------------------------------------------------------------------------------------------------------------------------------------------------------------------------------------------------------------------------------------------------------------------------------------------------------------------------------------------------------------------------------------------------------------------------------------------------------------------------------------------------------------------------------------------------------------------------------------------------------------------------------------------------------------------------------------------------------------------------------------------------------------------------------------------------------------------------------------------------------------------------------------------------------------------------------------------------------------------------------------------------------------------------------------------------------------------------------------------------------------------------------------------------------------------------------------------------------------------------------------------------------------------------------------------------------------------
Samrat Prithviraj,Akshay Kumar,2022
Sangharsh,Akshay Kumar,1999
Sapoot,Akshay Kumar,1996
Saugandh,Akshay Kumar,1991
Shabarimale Yatre,Akshay Kumar,2015
Singh Is Bliing,Akshay Kumar,2015
Singh Is King,Akshay Kumar,2008
Sooryavanshi,Akshay Kumar,2021
Special 26,Akshay Kumar,2013
Suhaag,Akshay Kumar,1994
Talaash: The Hunt Begins...,Akshay Kumar,2003

TB.PRIMARYTITLE||','||NB.PRIMARYNAME||','||TB.STARTYEAR                                                                                                                                                                                                                                                                                                                                                                                                                                                                                                                                                                                                                                                                                                                                                                                                                                                                                                                                                                                                                                                                                                                                                                                                                                                                                                                        
-------------------------------------------------------------------------------------------------------------------------------------------------------------------------------------------------------------------------------------------------------------------------------------------------------------------------------------------------------------------------------------------------------------------------------------------------------------------------------------------------------------------------------------------------------------------------------------------------------------------------------------------------------------------------------------------------------------------------------------------------------------------------------------------------------------------------------------------------------------------------------------------------------------------------------------------------------------------------------------------------------------------------------------------------------------------------------------------------------------------------------------------------------------------------------------------------------------------------------------------------------------------------------------------------------------------------------------------------------------------------------
Tarazu,Akshay Kumar,1997
Tashan,Akshay Kumar,2008
Tees Maar Khan,Akshay Kumar,2010
Thank You,Akshay Kumar,2011
The Blue Elephant,Akshay Kumar,2006
The Shaukeens,Akshay Kumar,2014
Toilet: A Love Story,Akshay Kumar,2017
Tu Chor Main Sipahi,Akshay Kumar,1996
Waqt Hamara Hai,Akshay Kumar,1993
Waqt: The Race Against Time,Akshay Kumar,2005
Welcome,Akshay Kumar,2007

TB.PRIMARYTITLE||','||NB.PRIMARYNAME||','||TB.STARTYEAR                                                                                                                                                                                                                                                                                                                                                                                                                                                                                                                                                                                                                                                                                                                                                                                                                                                                                                                                                                                                                                                                                                                                                                                                                                                                                                                        
-------------------------------------------------------------------------------------------------------------------------------------------------------------------------------------------------------------------------------------------------------------------------------------------------------------------------------------------------------------------------------------------------------------------------------------------------------------------------------------------------------------------------------------------------------------------------------------------------------------------------------------------------------------------------------------------------------------------------------------------------------------------------------------------------------------------------------------------------------------------------------------------------------------------------------------------------------------------------------------------------------------------------------------------------------------------------------------------------------------------------------------------------------------------------------------------------------------------------------------------------------------------------------------------------------------------------------------------------------------------------------
Yeh Dillagi,Akshay Kumar,1994
Zaalim,Akshay Kumar,1994
Zakhmi Dil,Akshay Kumar,1994
Zulmi,Akshay Kumar,1999
'83,Deepika Padukone,2021
Aarakshan,Deepika Padukone,2011
Aishwarya,Deepika Padukone,2006
Bachna Ae Haseeno,Deepika Padukone,2008
Bajirao Mastani,Deepika Padukone,2015
Break Ke Baad,Deepika Padukone,2010
CC2C,Deepika Padukone,2009

TB.PRIMARYTITLE||','||NB.PRIMARYNAME||','||TB.STARTYEAR                                                                                                                                                                                                                                                                                                                                                                                                                                                                                                                                                                                                                                                                                                                                                                                                                                                                                                                                                                                                                                                                                                                                                                                                                                                                                                                        
-------------------------------------------------------------------------------------------------------------------------------------------------------------------------------------------------------------------------------------------------------------------------------------------------------------------------------------------------------------------------------------------------------------------------------------------------------------------------------------------------------------------------------------------------------------------------------------------------------------------------------------------------------------------------------------------------------------------------------------------------------------------------------------------------------------------------------------------------------------------------------------------------------------------------------------------------------------------------------------------------------------------------------------------------------------------------------------------------------------------------------------------------------------------------------------------------------------------------------------------------------------------------------------------------------------------------------------------------------------------------------
Chennai Express,Deepika Padukone,2013
Chhapaak,Deepika Padukone,2020
Cirkus,Deepika Padukone,2022
Cocktail,Deepika Padukone,2012
Desi Boyz,Deepika Padukone,2011
Dum Maaro Dum,Deepika Padukone,2011
Fighter,Deepika Padukone,2023
Finding Fanny,Deepika Padukone,2014
Gehraiyaan,Deepika Padukone,2022
Happy New Year,Deepika Padukone,2014
Housefull,Deepika Padukone,2010

TB.PRIMARYTITLE||','||NB.PRIMARYNAME||','||TB.STARTYEAR                                                                                                                                                                                                                                                                                                                                                                                                                                                                                                                                                                                                                                                                                                                                                                                                                                                                                                                                                                                                                                                                                                                                                                                                                                                                                                                        
-------------------------------------------------------------------------------------------------------------------------------------------------------------------------------------------------------------------------------------------------------------------------------------------------------------------------------------------------------------------------------------------------------------------------------------------------------------------------------------------------------------------------------------------------------------------------------------------------------------------------------------------------------------------------------------------------------------------------------------------------------------------------------------------------------------------------------------------------------------------------------------------------------------------------------------------------------------------------------------------------------------------------------------------------------------------------------------------------------------------------------------------------------------------------------------------------------------------------------------------------------------------------------------------------------------------------------------------------------------------------------
Karthik Calling Karthik,Deepika Padukone,2010
Khelein Hum Jee Jaan Sey,Deepika Padukone,2010
Kochadaiiyaan,Deepika Padukone,2014
Lafangey Parindey,Deepika Padukone,2010
Love Aaj Kal,Deepika Padukone,2009
Om Shanti Om,Deepika Padukone,2007
Padmaavat,Deepika Padukone,2018
Pathaan,Deepika Padukone,2023
Piku,Deepika Padukone,2015
Project K,Deepika Padukone,2023
Raabta,Deepika Padukone,2017

TB.PRIMARYTITLE||','||NB.PRIMARYNAME||','||TB.STARTYEAR                                                                                                                                                                                                                                                                                                                                                                                                                                                                                                                                                                                                                                                                                                                                                                                                                                                                                                                                                                                                                                                                                                                                                                                                                                                                                                                        
-------------------------------------------------------------------------------------------------------------------------------------------------------------------------------------------------------------------------------------------------------------------------------------------------------------------------------------------------------------------------------------------------------------------------------------------------------------------------------------------------------------------------------------------------------------------------------------------------------------------------------------------------------------------------------------------------------------------------------------------------------------------------------------------------------------------------------------------------------------------------------------------------------------------------------------------------------------------------------------------------------------------------------------------------------------------------------------------------------------------------------------------------------------------------------------------------------------------------------------------------------------------------------------------------------------------------------------------------------------------------------
Race 2,Deepika Padukone,2013
RamLeela,Deepika Padukone,2013
Tamasha,Deepika Padukone,2015
The Intern,Deepika Padukone,2022
Yeh Jawaani Hai Deewani,Deepika Padukone,2013
xXx: Return of Xander Cage,Deepika Padukone,2017

171 rows selected. 

Elapsed: 00:00:10.257
SQL> set echo off
